{"level":"error","message":"خطا در ایجاد/بررسی دیتابیس system_dev:","name":"SequelizeConnectionRefusedError","original":{"code":"ECONNREFUSED"},"parent":{"code":"ECONNREFUSED"},"stack":"SequelizeConnectionRefusedError\n    at Client._connectionCallback (/Users/mojtabamoradi/Documents/projects/mojtaba/manager_desctop/electron-system/src/backend/node_modules/sequelize/lib/dialects/postgres/connection-manager.js:133:24)\n    at Client._handleErrorWhileConnecting (/Users/mojtabamoradi/Documents/projects/mojtaba/manager_desctop/electron-system/src/backend/node_modules/pg/lib/client.js:336:19)\n    at Client._handleErrorEvent (/Users/mojtabamoradi/Documents/projects/mojtaba/manager_desctop/electron-system/src/backend/node_modules/pg/lib/client.js:346:19)\n    at Connection.emit (node:events:518:28)\n    at Socket.reportStreamError (/Users/mojtabamoradi/Documents/projects/mojtaba/manager_desctop/electron-system/src/backend/node_modules/pg/lib/connection.js:57:12)\n    at Socket.emit (node:events:518:28)\n    at emitErrorNT (node:internal/streams/destroy:170:8)\n    at emitErrorCloseNT (node:internal/streams/destroy:129:3)\n    at process.processTicksAndRejections (node:internal/process/task_queues:90:21)","timestamp":"2025-04-08 18:47:40"}
{"level":"error","message":"خطا در ایجاد/بررسی دیتابیس system_dev:","name":"SequelizeConnectionRefusedError","original":{"code":"ECONNREFUSED"},"parent":{"code":"ECONNREFUSED"},"stack":"SequelizeConnectionRefusedError\n    at Client._connectionCallback (/Users/mojtabamoradi/Documents/projects/mojtaba/manager_desctop/electron-system/src/backend/node_modules/sequelize/lib/dialects/postgres/connection-manager.js:133:24)\n    at Client._handleErrorWhileConnecting (/Users/mojtabamoradi/Documents/projects/mojtaba/manager_desctop/electron-system/src/backend/node_modules/pg/lib/client.js:336:19)\n    at Client._handleErrorEvent (/Users/mojtabamoradi/Documents/projects/mojtaba/manager_desctop/electron-system/src/backend/node_modules/pg/lib/client.js:346:19)\n    at Connection.emit (node:events:518:28)\n    at Socket.reportStreamError (/Users/mojtabamoradi/Documents/projects/mojtaba/manager_desctop/electron-system/src/backend/node_modules/pg/lib/connection.js:57:12)\n    at Socket.emit (node:events:518:28)\n    at emitErrorNT (node:internal/streams/destroy:170:8)\n    at emitErrorCloseNT (node:internal/streams/destroy:129:3)\n    at process.processTicksAndRejections (node:internal/process/task_queues:90:21)","timestamp":"2025-04-08 18:48:46"}
{"level":"error","message":"خطا در ایجاد/بررسی دیتابیس system_dev:","name":"SequelizeConnectionRefusedError","original":{"code":"ECONNREFUSED"},"parent":{"code":"ECONNREFUSED"},"stack":"SequelizeConnectionRefusedError\n    at Client._connectionCallback (/Users/mojtabamoradi/Documents/projects/mojtaba/manager_desctop/electron-system/src/backend/node_modules/sequelize/lib/dialects/postgres/connection-manager.js:133:24)\n    at Client._handleErrorWhileConnecting (/Users/mojtabamoradi/Documents/projects/mojtaba/manager_desctop/electron-system/src/backend/node_modules/pg/lib/client.js:336:19)\n    at Client._handleErrorEvent (/Users/mojtabamoradi/Documents/projects/mojtaba/manager_desctop/electron-system/src/backend/node_modules/pg/lib/client.js:346:19)\n    at Connection.emit (node:events:518:28)\n    at Socket.reportStreamError (/Users/mojtabamoradi/Documents/projects/mojtaba/manager_desctop/electron-system/src/backend/node_modules/pg/lib/connection.js:57:12)\n    at Socket.emit (node:events:518:28)\n    at emitErrorNT (node:internal/streams/destroy:170:8)\n    at emitErrorCloseNT (node:internal/streams/destroy:129:3)\n    at process.processTicksAndRejections (node:internal/process/task_queues:90:21)","timestamp":"2025-04-08 18:54:47"}
{"level":"info","message":"اتصال به دیتابیس با موفقیت برقرار شد","timestamp":"2025-04-14 12:21:03"}
{"level":"info","message":"مدل‌های دیتابیس همگام‌سازی شدند","timestamp":"2025-04-14 12:21:03"}
{"level":"info","message":"سرور در حال اجرا روی پورت 5000","timestamp":"2025-04-14 12:21:03"}
{"level":"info","message":"اتصال به دیتابیس با موفقیت برقرار شد","timestamp":"2025-04-14 12:31:17"}
{"level":"info","message":"مدل‌های دیتابیس همگام‌سازی شدند","timestamp":"2025-04-14 12:31:17"}
{"level":"info","message":"سرور در حال اجرا روی پورت 5000","timestamp":"2025-04-14 12:31:17"}
{"level":"info","message":"اتصال به دیتابیس با موفقیت برقرار شد","timestamp":"2025-04-14 12:32:26"}
{"level":"info","message":"مدل‌های دیتابیس همگام‌سازی شدند","timestamp":"2025-04-14 12:32:26"}
{"level":"info","message":"سرور در حال اجرا روی پورت 5000","timestamp":"2025-04-14 12:32:26"}
{"level":"info","message":"اتصال به دیتابیس با موفقیت برقرار شد","timestamp":"2025-04-14 12:37:57"}
{"level":"info","message":"مدل‌های دیتابیس همگام‌سازی شدند","timestamp":"2025-04-14 12:37:57"}
{"level":"info","message":"سرور در حال اجرا روی پورت 5000","timestamp":"2025-04-14 12:37:57"}
{"level":"info","message":"اتصال به دیتابیس با موفقیت برقرار شد","timestamp":"2025-04-14 12:44:29"}
{"level":"info","message":"مدل‌های دیتابیس همگام‌سازی شدند","timestamp":"2025-04-14 12:44:29"}
{"level":"info","message":"سرور در حال اجرا روی پورت 5000","timestamp":"2025-04-14 12:44:29"}
{"level":"info","message":"اتصال به دیتابیس با موفقیت برقرار شد","timestamp":"2025-04-14 12:56:00"}
{"level":"info","message":"مدل‌های دیتابیس همگام‌سازی شدند","timestamp":"2025-04-14 12:56:00"}
{"level":"info","message":"سرور در حال اجرا روی پورت 5000","timestamp":"2025-04-14 12:56:00"}
{"level":"info","message":"اتصال به دیتابیس با موفقیت برقرار شد","timestamp":"2025-04-14 12:58:08"}
{"level":"info","message":"مدل‌های دیتابیس همگام‌سازی شدند","timestamp":"2025-04-14 12:58:08"}
{"level":"info","message":"سرور در حال اجرا روی پورت 5000","timestamp":"2025-04-14 12:58:08"}
{"level":"info","message":"اتصال به دیتابیس با موفقیت برقرار شد","timestamp":"2025-04-14 13:01:26"}
{"level":"info","message":"مدل‌های دیتابیس همگام‌سازی شدند","timestamp":"2025-04-14 13:01:26"}
{"level":"info","message":"سرور در حال اجرا روی پورت 5000","timestamp":"2025-04-14 13:01:26"}
{"level":"info","message":"اتصال به دیتابیس با موفقیت برقرار شد","timestamp":"2025-04-14 13:02:13"}
{"level":"info","message":"مدل‌های دیتابیس همگام‌سازی شدند","timestamp":"2025-04-14 13:02:13"}
{"level":"info","message":"سرور در حال اجرا روی پورت 5000","timestamp":"2025-04-14 13:02:13"}
{"level":"info","message":"اتصال به دیتابیس با موفقیت برقرار شد","timestamp":"2025-04-14 15:05:15"}
{"level":"info","message":"مدل‌های دیتابیس همگام‌سازی شدند","timestamp":"2025-04-14 15:05:15"}
{"level":"info","message":"سرور در حال اجرا روی پورت 5000","timestamp":"2025-04-14 15:05:15"}
{"level":"error","message":"خطا در بستن اتصال دیتابیس: sequelize is not defined","stack":"ReferenceError: sequelize is not defined\n    at process.<anonymous> (/Users/mojtabamoradi/Documents/projects/mojtaba/manager_desctop/electron-system/src/backend/server.js:110:5)\n    at process.emit (node:events:518:28)","timestamp":"2025-04-14 16:37:50"}
